[debug] [2022-12-19T02:03:03.549Z] ----------------------------------------------------------------------
[debug] [2022-12-19T02:03:03.552Z] Command:       /usr/local/bin/node /usr/local/bin/firebase init
[debug] [2022-12-19T02:03:03.552Z] CLI Version:   11.18.0
[debug] [2022-12-19T02:03:03.553Z] Platform:      linux
[debug] [2022-12-19T02:03:03.553Z] Node Version:  v19.3.0
[debug] [2022-12-19T02:03:03.553Z] Time:          Mon Dec 19 2022 02:03:03 GMT+0000 (Coordinated Universal Time)
[debug] [2022-12-19T02:03:03.553Z] ----------------------------------------------------------------------
[debug] 
[debug] [2022-12-19T02:03:03.563Z] > command requires scopes: ["email","openid","https://www.googleapis.com/auth/cloudplatformprojects.readonly","https://www.googleapis.com/auth/firebase","https://www.googleapis.com/auth/cloud-platform"]
[debug] [2022-12-19T02:03:03.564Z] > authorizing via signed-in user (hiragi817sc@gmail.com)
[info] 
     ######## #### ########  ######## ########     ###     ######  ########
     ##        ##  ##     ## ##       ##     ##  ##   ##  ##       ##
     ######    ##  ########  ######   ########  #########  ######  ######
     ##        ##  ##    ##  ##       ##     ## ##     ##       ## ##
     ##       #### ##     ## ######## ########  ##     ##  ######  ########

You're about to initialize a Firebase project in this directory:

  /home/app

Before we get started, keep in mind:

  * You are currently outside your home directory

[info] 
=== Project Setup
[info] 
[info] First, let's associate this project directory with a Firebase project.
[info] You can create multiple project aliases by running firebase use --add, 
[info] but for now we'll just set up a default project.
[info] 
[debug] [2022-12-19T02:04:09.793Z] >>> [apiv2][query] GET https://firebase.googleapis.com/v1beta1/projects pageSize=100
[debug] [2022-12-19T02:04:10.662Z] <<< [apiv2][status] GET https://firebase.googleapis.com/v1beta1/projects 200
[debug] [2022-12-19T02:04:10.663Z] <<< [apiv2][body] GET https://firebase.googleapis.com/v1beta1/projects [omitted]
[info] i  Using project blog-control (blog-control) 
[info] 
=== Hosting Setup
[info] 
[info] Your public directory is the folder (relative to your project directory) that
[info] will contain Hosting assets to be uploaded with firebase deploy. If you
[info] have a build process for your assets, use your build's output directory.
[info] 
[info] ✔  Wrote out/404.html 
[debug] [2022-12-19T02:04:40.376Z] >>> [apiv2][query] GET https://www.gstatic.com/firebasejs/releases.json [none]
[debug] [2022-12-19T02:04:40.495Z] <<< [apiv2][status] GET https://www.gstatic.com/firebasejs/releases.json 200
[debug] [2022-12-19T02:04:40.495Z] <<< [apiv2][body] GET https://www.gstatic.com/firebasejs/releases.json {"current":{"version":"9.15.0","browserURL":"https://www.gstatic.com/firebasejs/9.15.0/firebase.js","packageURL":"https://www.gstatic.com/firebasejs/9.15.0/firebase.tgz"},"live":{"version":"9.15","browserURL":"https://www.gstatic.com/firebasejs/live/9.15/firebase.js","packageURL":"https://www.gstatic.com/firebasejs/live/9.15/firebase.tgz"},"components":{"analytics":"https://www.gstatic.com/firebasejs/9.15.0/firebase-analytics.js","app":"https://www.gstatic.com/firebasejs/9.15.0/firebase-app.js","app-check":"https://www.gstatic.com/firebasejs/9.15.0/firebase-app-check.js","auth":"https://www.gstatic.com/firebasejs/9.15.0/firebase-auth.js","auth/cordova":"https://www.gstatic.com/firebasejs/9.15.0/firebase-auth/cordova.js","auth/react-native":"https://www.gstatic.com/firebasejs/9.15.0/firebase-auth/react-native.js","functions":"https://www.gstatic.com/firebasejs/9.15.0/firebase-functions.js","firestore":"https://www.gstatic.com/firebasejs/9.15.0/firebase-firestore.js","firestore/lite":"https://www.gstatic.com/firebasejs/9.15.0/firebase-firestore/lite.js","installations":"https://www.gstatic.com/firebasejs/9.15.0/firebase-installations.js","storage":"https://www.gstatic.com/firebasejs/9.15.0/firebase-storage.js","performance":"https://www.gstatic.com/firebasejs/9.15.0/firebase-performance.js","remote-config":"https://www.gstatic.com/firebasejs/9.15.0/firebase-remote-config.js","messaging":"https://www.gstatic.com/firebasejs/9.15.0/firebase-messaging.js","messaging/sw":"https://www.gstatic.com/firebasejs/9.15.0/firebase-messaging/sw.js","database":"https://www.gstatic.com/firebasejs/9.15.0/firebase-database.js","firestore.memory":"https://www.gstatic.com/firebasejs/9.15.0/firebase-firestore.memory.js"}}
[info] ✔  Wrote out/index.html 
[info] 
[info] i  Didn't detect a .git folder. Assuming /home/app is the project root. 
[info] i  Authorizing with GitHub to upload your service account to a GitHub repository's secrets store. 
[info] 
[info] Visit this URL on this device to log in:
[info] https://github.com/login/oauth/authorize?client_id=89cf50f02ac6aaed3484&state=234904507&redirect_uri=http%3A%2F%2Flocalhost%3A9005&scope=read%3Auser%20repo%20public_repo
[info] 
[info] Waiting for authentication...
[debug] [2022-12-19T02:05:24.339Z] >>> [apiv2][query] POST https://github.com/login/oauth/access_token [none]
[debug] [2022-12-19T02:05:24.340Z] >>> [apiv2][body] POST https://github.com/login/oauth/access_token [stream]
[debug] [2022-12-19T02:05:24.695Z] <<< [apiv2][status] POST https://github.com/login/oauth/access_token 200
[debug] [2022-12-19T02:05:24.695Z] <<< [apiv2][body] POST https://github.com/login/oauth/access_token {"access_token":"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","token_type":"bearer","scope":"read:user,repo"}
[debug] [2022-12-19T02:05:24.707Z] >>> [apiv2][query] GET https://api.github.com/user [none]
[debug] [2022-12-19T02:05:25.211Z] <<< [apiv2][status] GET https://api.github.com/user 200
[debug] [2022-12-19T02:05:25.211Z] <<< [apiv2][body] GET https://api.github.com/user {"login":"schezo817","id":95132440,"node_id":"U_kgDOBaubGA","avatar_url":"https://avatars.githubusercontent.com/u/95132440?v=4","gravatar_id":"","url":"https://api.github.com/users/schezo817","html_url":"https://github.com/schezo817","followers_url":"https://api.github.com/users/schezo817/followers","following_url":"https://api.github.com/users/schezo817/following{/other_user}","gists_url":"https://api.github.com/users/schezo817/gists{/gist_id}","starred_url":"https://api.github.com/users/schezo817/starred{/owner}{/repo}","subscriptions_url":"https://api.github.com/users/schezo817/subscriptions","organizations_url":"https://api.github.com/users/schezo817/orgs","repos_url":"https://api.github.com/users/schezo817/repos","events_url":"https://api.github.com/users/schezo817/events{/privacy}","received_events_url":"https://api.github.com/users/schezo817/received_events","type":"User","site_admin":false,"name":null,"company":null,"blog":"","location":null,"email":null,"hireable":null,"bio":null,"twitter_username":null,"public_repos":16,"public_gists":0,"followers":1,"following":0,"created_at":"2021-11-27T13:14:04Z","updated_at":"2022-10-29T06:30:01Z","private_gists":0,"total_private_repos":0,"owned_private_repos":0,"disk_usage":13673,"collaborators":0,"two_factor_authentication":false,"plan":{"name":"free","space":976562499,"collaborators":0,"private_repos":10000}}
[info] 
[info] ✔  Success! Logged into GitHub as schezo817 
[info] 
[debug] [2022-12-19T02:06:27.681Z] >>> [apiv2][query] GET https://api.github.com/repos/ schezo817/blog-control/actions/secrets/public-key type=owner
[debug] [2022-12-19T02:06:27.967Z] <<< [apiv2][status] GET https://api.github.com/repos/ schezo817/blog-control/actions/secrets/public-key 404
[debug] [2022-12-19T02:06:27.968Z] <<< [apiv2][body] GET https://api.github.com/repos/ schezo817/blog-control/actions/secrets/public-key {"message":"Not Found","documentation_url":"https://docs.github.com/rest/reference/actions#get-a-repository-public-key"}
[debug] [2022-12-19T02:06:46.913Z] >>> [apiv2][query] GET https://api.github.com/repos/ schezo817/blog-control/actions/secrets/public-key type=owner
[debug] [2022-12-19T02:06:47.330Z] <<< [apiv2][status] GET https://api.github.com/repos/ schezo817/blog-control/actions/secrets/public-key 404
[debug] [2022-12-19T02:06:47.330Z] <<< [apiv2][body] GET https://api.github.com/repos/ schezo817/blog-control/actions/secrets/public-key {"message":"Not Found","documentation_url":"https://docs.github.com/rest/reference/actions#get-a-repository-public-key"}
[debug] [2022-12-19T02:06:47.639Z] >>> [apiv2][query] GET https://api.github.com/repos/ schezo817/blog-control/actions/secrets/public-key type=owner
[debug] [2022-12-19T02:06:47.788Z] >>> [apiv2][query] GET https://api.github.com/repos//actions/secrets/public-key type=owner
[debug] [2022-12-19T02:06:47.904Z] <<< [apiv2][status] GET https://api.github.com/repos/ schezo817/blog-control/actions/secrets/public-key 404
[debug] [2022-12-19T02:06:47.904Z] <<< [apiv2][body] GET https://api.github.com/repos/ schezo817/blog-control/actions/secrets/public-key {"message":"Not Found","documentation_url":"https://docs.github.com/rest/reference/actions#get-a-repository-public-key"}
[debug] [2022-12-19T02:06:48.065Z] <<< [apiv2][status] GET https://api.github.com/repos//actions/secrets/public-key 404
[debug] [2022-12-19T02:06:48.065Z] <<< [apiv2][body] GET https://api.github.com/repos//actions/secrets/public-key {"message":"Not Found","documentation_url":"https://docs.github.com/rest"}
[debug] [2022-12-19T02:07:04.920Z] >>> [apiv2][query] GET https://api.github.com/repos/ schezo817/blog-control/actions/secrets/public-key type=owner
[debug] [2022-12-19T02:07:05.241Z] <<< [apiv2][status] GET https://api.github.com/repos/ schezo817/blog-control/actions/secrets/public-key 404
[debug] [2022-12-19T02:07:05.241Z] <<< [apiv2][body] GET https://api.github.com/repos/ schezo817/blog-control/actions/secrets/public-key {"message":"Not Found","documentation_url":"https://docs.github.com/rest/reference/actions#get-a-repository-public-key"}
